Using pre-set license
Built from '2020.3/staging' branch; Version is '2020.3.10f1 (297d780c91bc) revision 2719096'; Using compiler version '192528614'; Build Type 'Release'
OS: 'Windows 10 Home Single Language; OS build 19043.1110; Version 2009; 64bit' Language: 'en' Physical Memory: 8029 MB
BatchMode: 1, IsHumanControllingUs: 0, StartBugReporterOnCrash: 0, Is64bit: 1, IsPro: 0

 COMMAND LINE ARGUMENTS:
C:\Program Files\Unity\Hub\Editor\2020.3.10f1\Editor\Unity.exe
-adb2
-batchMode
-noUpm
-name
AssetImportWorker0
-projectPath
C:/Users/acer/Desktop/Implimentation_of_PSO_Algo
-logFile
Logs/AssetImportWorker0.log
-srvPort
57091
Successfully changed project path to: C:/Users/acer/Desktop/Implimentation_of_PSO_Algo
C:/Users/acer/Desktop/Implimentation_of_PSO_Algo
Using Asset Import Pipeline V2.
Refreshing native plugins compatible for Editor in 92.47 ms, found 5 plugins.
Preloading 0 native plugins for Editor in 0.00 ms.
Initialize engine version: 2020.3.10f1 (297d780c91bc)
[Subsystems] Discovering subsystems at path C:/Program Files/Unity/Hub/Editor/2020.3.10f1/Editor/Data/Resources/UnitySubsystems
[Subsystems] Discovering subsystems at path C:/Users/acer/Desktop/Implimentation_of_PSO_Algo/Assets
GfxDevice: creating device client; threaded=0
Direct3D:
    Version:  Direct3D 11.0 [level 11.1]
    Renderer: NVIDIA GeForce GTX 1650 (ID=0x1f91)
    Vendor:   
    VRAM:     3962 MB
    Driver:   27.21.14.5167
Initialize mono
Mono path[0] = 'C:/Program Files/Unity/Hub/Editor/2020.3.10f1/Editor/Data/Managed'
Mono path[1] = 'C:/Program Files/Unity/Hub/Editor/2020.3.10f1/Editor/Data/MonoBleedingEdge/lib/mono/unityjit'
Mono config path = 'C:/Program Files/Unity/Hub/Editor/2020.3.10f1/Editor/Data/MonoBleedingEdge/etc'
Using monoOptions --debugger-agent=transport=dt_socket,embedding=1,server=y,suspend=n,address=127.0.0.1:56244
Begin MonoManager ReloadAssembly
Registering precompiled unity dll's ...
Register platform support module: C:/Program Files/Unity/Hub/Editor/2020.3.10f1/Editor/Data/PlaybackEngines/WindowsStandaloneSupport/UnityEditor.WindowsStandalone.Extensions.dll
Registered in 0.005187 seconds.
Native extension for WindowsStandalone target not found
Refreshing native plugins compatible for Editor in 56.63 ms, found 5 plugins.
Preloading 0 native plugins for Editor in 0.00 ms.
Mono: successfully reloaded assembly
- Completed reload, in  5.378 seconds
Platform modules already initialized, skipping
Registering precompiled user dll's ...
Registered in 0.006408 seconds.
Begin MonoManager ReloadAssembly
Native extension for WindowsStandalone target not found
Refreshing native plugins compatible for Editor in 0.94 ms, found 5 plugins.
Preloading 0 native plugins for Editor in 0.00 ms.
Mono: successfully reloaded assembly
- Completed reload, in  5.212 seconds
Platform modules already initialized, skipping
========================================================================
Worker process is ready to serve import requests
Launched and connected shader compiler UnityShaderCompiler.exe after 0.09 seconds
Refreshing native plugins compatible for Editor in 0.87 ms, found 5 plugins.
Preloading 0 native plugins for Editor in 0.00 ms.
Unloading 1530 Unused Serialized files (Serialized files now loaded: 0)
System memory in use before: 69.6 MB.
System memory in use after: 69.6 MB.

Unloading 26 unused Assets to reduce memory usage. Loaded Objects now: 1957.
Total: 6.967400 ms (FindLiveObjects: 0.432900 ms CreateObjectMapping: 0.157000 ms MarkObjects: 6.201500 ms  DeleteObjects: 0.173200 ms)

========================================================================
Received Import Request.
  path: Assets/pso_search.cs
  artifactKey: Guid(345b2187bcbc9364ebc01c665c9e182e) Importer(815301076,1909f56bfc062723c751e8b465ee728b)
Start importing Assets/pso_search.cs using Guid(345b2187bcbc9364ebc01c665c9e182e) Importer(815301076,1909f56bfc062723c751e8b465ee728b)  -> (artifact id: 'b09277a98cbc4253e2e6a957d6cdfcd6') in 0.081873 seconds
  Import took 0.087686 seconds .

========================================================================
Received Prepare
Registering precompiled user dll's ...
Registered in 0.008408 seconds.
Begin MonoManager ReloadAssembly
Native extension for WindowsStandalone target not found
Refreshing native plugins compatible for Editor in 1.29 ms, found 5 plugins.
Preloading 0 native plugins for Editor in 0.00 ms.
Mono: successfully reloaded assembly
- Completed reload, in  2.487 seconds
Platform modules already initialized, skipping
Refreshing native plugins compatible for Editor in 0.60 ms, found 5 plugins.
Preloading 0 native plugins for Editor in 0.00 ms.
Unloading 1519 Unused Serialized files (Serialized files now loaded: 0)
System memory in use before: 68.9 MB.
System memory in use after: 69.0 MB.

Unloading 21 unused Assets to reduce memory usage. Loaded Objects now: 1960.
Total: 2.604900 ms (FindLiveObjects: 0.174300 ms CreateObjectMapping: 0.053500 ms MarkObjects: 2.315200 ms  DeleteObjects: 0.060700 ms)

========================================================================
Received Import Request.
  Time since last request: 33.966039 seconds.
  path: Assets/pso_search.cs
  artifactKey: Guid(345b2187bcbc9364ebc01c665c9e182e) Importer(815301076,1909f56bfc062723c751e8b465ee728b)
Start importing Assets/pso_search.cs using Guid(345b2187bcbc9364ebc01c665c9e182e) Importer(815301076,1909f56bfc062723c751e8b465ee728b)  -> (artifact id: '5775e14c48ba8214e652ab028f18469f') in 0.005461 seconds
  Import took 0.010507 seconds .

========================================================================
Received Import Request.
  Time since last request: 2.528279 seconds.
  path: Assets/pso_search.cs
  artifactKey: Guid(345b2187bcbc9364ebc01c665c9e182e) Importer(815301076,1909f56bfc062723c751e8b465ee728b)
Start importing Assets/pso_search.cs using Guid(345b2187bcbc9364ebc01c665c9e182e) Importer(815301076,1909f56bfc062723c751e8b465ee728b)  -> (artifact id: '5775e14c48ba8214e652ab028f18469f') in 0.004093 seconds
  Import took 0.008129 seconds .

========================================================================
Received Prepare
Registering precompiled user dll's ...
Registered in 0.009367 seconds.
Begin MonoManager ReloadAssembly
Native extension for WindowsStandalone target not found
Refreshing native plugins compatible for Editor in 0.70 ms, found 5 plugins.
Preloading 0 native plugins for Editor in 0.00 ms.
Mono: successfully reloaded assembly
- Completed reload, in  2.236 seconds
Platform modules already initialized, skipping
Refreshing native plugins compatible for Editor in 0.54 ms, found 5 plugins.
Preloading 0 native plugins for Editor in 0.00 ms.
Unloading 1519 Unused Serialized files (Serialized files now loaded: 0)
System memory in use before: 69.0 MB.
System memory in use after: 69.1 MB.

Unloading 21 unused Assets to reduce memory usage. Loaded Objects now: 1963.
Total: 3.331500 ms (FindLiveObjects: 0.272800 ms CreateObjectMapping: 0.115700 ms MarkObjects: 2.864200 ms  DeleteObjects: 0.077000 ms)

========================================================================
Received Prepare
Registering precompiled user dll's ...
Registered in 0.006133 seconds.
Begin MonoManager ReloadAssembly
Native extension for WindowsStandalone target not found
Refreshing native plugins compatible for Editor in 0.70 ms, found 5 plugins.
Preloading 0 native plugins for Editor in 0.00 ms.
Mono: successfully reloaded assembly
- Completed reload, in  2.596 seconds
Platform modules already initialized, skipping
Refreshing native plugins compatible for Editor in 0.82 ms, found 5 plugins.
Preloading 0 native plugins for Editor in 0.00 ms.
Unloading 1519 Unused Serialized files (Serialized files now loaded: 0)
System memory in use before: 69.0 MB.
System memory in use after: 69.1 MB.

Unloading 21 unused Assets to reduce memory usage. Loaded Objects now: 1966.
Total: 4.135000 ms (FindLiveObjects: 0.267600 ms CreateObjectMapping: 0.107300 ms MarkObjects: 3.658400 ms  DeleteObjects: 0.099600 ms)

AssetImportWorkerClient::OnTransportError - code=2 error=End of file
