Using pre-set license
Built from '2020.3/staging' branch; Version is '2020.3.10f1 (297d780c91bc) revision 2719096'; Using compiler version '192528614'; Build Type 'Release'
OS: 'Windows 10 Home Single Language; OS build 19043.1110; Version 2009; 64bit' Language: 'en' Physical Memory: 8029 MB
BatchMode: 1, IsHumanControllingUs: 0, StartBugReporterOnCrash: 0, Is64bit: 1, IsPro: 0

 COMMAND LINE ARGUMENTS:
C:\Program Files\Unity\Hub\Editor\2020.3.10f1\Editor\Unity.exe
-adb2
-batchMode
-noUpm
-name
AssetImportWorker0
-projectPath
C:/Users/acer/Desktop/Area_Search
-logFile
Logs/AssetImportWorker0.log
-srvPort
57812
Successfully changed project path to: C:/Users/acer/Desktop/Area_Search
C:/Users/acer/Desktop/Area_Search
Using Asset Import Pipeline V2.
Refreshing native plugins compatible for Editor in 29.67 ms, found 5 plugins.
Preloading 0 native plugins for Editor in 0.00 ms.
Initialize engine version: 2020.3.10f1 (297d780c91bc)
[Subsystems] Discovering subsystems at path C:/Program Files/Unity/Hub/Editor/2020.3.10f1/Editor/Data/Resources/UnitySubsystems
[Subsystems] Discovering subsystems at path C:/Users/acer/Desktop/Area_Search/Assets
GfxDevice: creating device client; threaded=0
Direct3D:
    Version:  Direct3D 11.0 [level 11.1]
    Renderer: NVIDIA GeForce GTX 1650 (ID=0x1f91)
    Vendor:   
    VRAM:     3962 MB
    Driver:   27.21.14.5167
Initialize mono
Mono path[0] = 'C:/Program Files/Unity/Hub/Editor/2020.3.10f1/Editor/Data/Managed'
Mono path[1] = 'C:/Program Files/Unity/Hub/Editor/2020.3.10f1/Editor/Data/MonoBleedingEdge/lib/mono/unityjit'
Mono config path = 'C:/Program Files/Unity/Hub/Editor/2020.3.10f1/Editor/Data/MonoBleedingEdge/etc'
Using monoOptions --debugger-agent=transport=dt_socket,embedding=1,server=y,suspend=n,address=127.0.0.1:56484
Begin MonoManager ReloadAssembly
Registering precompiled unity dll's ...
Register platform support module: C:/Program Files/Unity/Hub/Editor/2020.3.10f1/Editor/Data/PlaybackEngines/WindowsStandaloneSupport/UnityEditor.WindowsStandalone.Extensions.dll
Registered in 0.001779 seconds.
Native extension for WindowsStandalone target not found
Refreshing native plugins compatible for Editor in 33.56 ms, found 5 plugins.
Preloading 0 native plugins for Editor in 0.00 ms.
Mono: successfully reloaded assembly
- Completed reload, in  1.141 seconds
Platform modules already initialized, skipping
Registering precompiled user dll's ...
Registered in 0.004219 seconds.
Begin MonoManager ReloadAssembly
Native extension for WindowsStandalone target not found
Refreshing native plugins compatible for Editor in 0.34 ms, found 5 plugins.
Preloading 0 native plugins for Editor in 0.00 ms.
Mono: successfully reloaded assembly
- Completed reload, in  0.969 seconds
Platform modules already initialized, skipping
========================================================================
Worker process is ready to serve import requests
Launched and connected shader compiler UnityShaderCompiler.exe after 0.04 seconds
Refreshing native plugins compatible for Editor in 0.34 ms, found 5 plugins.
Preloading 0 native plugins for Editor in 0.00 ms.
Unloading 1532 Unused Serialized files (Serialized files now loaded: 0)
System memory in use before: 69.3 MB.
System memory in use after: 69.4 MB.

Unloading 26 unused Assets to reduce memory usage. Loaded Objects now: 1958.
Total: 1.772800 ms (FindLiveObjects: 0.143800 ms CreateObjectMapping: 0.049200 ms MarkObjects: 1.508500 ms  DeleteObjects: 0.070500 ms)

========================================================================
Received Import Request.
  path: Assets/RoboMovement.cs
  artifactKey: Guid(2d155f23e17c35842bcc14f23ddf639b) Importer(815301076,1909f56bfc062723c751e8b465ee728b)
Start importing Assets/RoboMovement.cs using Guid(2d155f23e17c35842bcc14f23ddf639b) Importer(815301076,1909f56bfc062723c751e8b465ee728b)  -> (artifact id: 'fee9c43542dac641fd7fadab56e5ab64') in 0.032914 seconds
  Import took 0.035278 seconds .

========================================================================
Received Import Request.
  Time since last request: 11.529441 seconds.
  path: Assets/Potential.cs
  artifactKey: Guid(1084dcb4cd6ee6a4e9aef08a135b9e56) Importer(815301076,1909f56bfc062723c751e8b465ee728b)
Start importing Assets/Potential.cs using Guid(1084dcb4cd6ee6a4e9aef08a135b9e56) Importer(815301076,1909f56bfc062723c751e8b465ee728b)  -> (artifact id: '76d44eec7c66aa128abb30738a3ab670') in 0.009800 seconds
  Import took 0.012952 seconds .

========================================================================
Received Import Request.
  Time since last request: 8.498947 seconds.
  path: Assets/APF.cs
  artifactKey: Guid(1084dcb4cd6ee6a4e9aef08a135b9e56) Importer(815301076,1909f56bfc062723c751e8b465ee728b)
Start importing Assets/APF.cs using Guid(1084dcb4cd6ee6a4e9aef08a135b9e56) Importer(815301076,1909f56bfc062723c751e8b465ee728b)  -> (artifact id: '2d31efb0e37b8e70f47a6451d19f9270') in 0.008844 seconds
  Import took 0.011255 seconds .

========================================================================
Received Prepare
Registering precompiled user dll's ...
Registered in 0.003941 seconds.
Begin MonoManager ReloadAssembly
Native extension for WindowsStandalone target not found
Refreshing native plugins compatible for Editor in 0.34 ms, found 5 plugins.
Preloading 0 native plugins for Editor in 0.00 ms.
Mono: successfully reloaded assembly
- Completed reload, in  0.853 seconds
Platform modules already initialized, skipping
Refreshing native plugins compatible for Editor in 0.34 ms, found 5 plugins.
Preloading 0 native plugins for Editor in 0.00 ms.
Unloading 1521 Unused Serialized files (Serialized files now loaded: 0)
System memory in use before: 68.7 MB.
System memory in use after: 68.7 MB.

Unloading 21 unused Assets to reduce memory usage. Loaded Objects now: 1961.
Total: 1.929400 ms (FindLiveObjects: 0.142000 ms CreateObjectMapping: 0.038900 ms MarkObjects: 1.706200 ms  DeleteObjects: 0.041600 ms)

========================================================================
Received Prepare
Registering precompiled user dll's ...
Registered in 0.004605 seconds.
Begin MonoManager ReloadAssembly
Native extension for WindowsStandalone target not found
Refreshing native plugins compatible for Editor in 0.34 ms, found 5 plugins.
Preloading 0 native plugins for Editor in 0.00 ms.
Mono: successfully reloaded assembly
- Completed reload, in  1.057 seconds
Platform modules already initialized, skipping
Refreshing native plugins compatible for Editor in 0.39 ms, found 5 plugins.
Preloading 0 native plugins for Editor in 0.00 ms.
Unloading 1521 Unused Serialized files (Serialized files now loaded: 0)
System memory in use before: 68.7 MB.
System memory in use after: 68.8 MB.

Unloading 21 unused Assets to reduce memory usage. Loaded Objects now: 1964.
Total: 1.983000 ms (FindLiveObjects: 0.183100 ms CreateObjectMapping: 0.038700 ms MarkObjects: 1.714600 ms  DeleteObjects: 0.045700 ms)

========================================================================
Received Import Request.
  Time since last request: 112.698109 seconds.
  path: Assets/APF.cs
  artifactKey: Guid(1084dcb4cd6ee6a4e9aef08a135b9e56) Importer(815301076,1909f56bfc062723c751e8b465ee728b)
Start importing Assets/APF.cs using Guid(1084dcb4cd6ee6a4e9aef08a135b9e56) Importer(815301076,1909f56bfc062723c751e8b465ee728b)  -> (artifact id: 'f6ecec07228478d91ac2a70ec3e79df4') in 0.004743 seconds
  Import took 0.006907 seconds .

========================================================================
Received Prepare
Registering precompiled user dll's ...
Registered in 0.004077 seconds.
Begin MonoManager ReloadAssembly
Native extension for WindowsStandalone target not found
Refreshing native plugins compatible for Editor in 0.38 ms, found 5 plugins.
Preloading 0 native plugins for Editor in 0.00 ms.
Mono: successfully reloaded assembly
- Completed reload, in  0.900 seconds
Platform modules already initialized, skipping
Refreshing native plugins compatible for Editor in 0.47 ms, found 5 plugins.
Preloading 0 native plugins for Editor in 0.00 ms.
Unloading 1521 Unused Serialized files (Serialized files now loaded: 0)
System memory in use before: 68.7 MB.
System memory in use after: 68.8 MB.

Unloading 21 unused Assets to reduce memory usage. Loaded Objects now: 1967.
Total: 1.865800 ms (FindLiveObjects: 0.150000 ms CreateObjectMapping: 0.044300 ms MarkObjects: 1.628100 ms  DeleteObjects: 0.042500 ms)

========================================================================
Received Import Request.
  Time since last request: 223.182898 seconds.
  path: Assets/RoboMovement.cs
  artifactKey: Guid(2d155f23e17c35842bcc14f23ddf639b) Importer(815301076,1909f56bfc062723c751e8b465ee728b)
Start importing Assets/RoboMovement.cs using Guid(2d155f23e17c35842bcc14f23ddf639b) Importer(815301076,1909f56bfc062723c751e8b465ee728b)  -> (artifact id: '8b1ee79e9a1b585ee1d0187a469af6a9') in 0.004329 seconds
  Import took 0.006368 seconds .

========================================================================
Received Prepare
Registering precompiled user dll's ...
Registered in 0.004559 seconds.
Begin MonoManager ReloadAssembly
Native extension for WindowsStandalone target not found
Refreshing native plugins compatible for Editor in 0.33 ms, found 5 plugins.
Preloading 0 native plugins for Editor in 0.00 ms.
Mono: successfully reloaded assembly
- Completed reload, in  0.848 seconds
Platform modules already initialized, skipping
Refreshing native plugins compatible for Editor in 0.34 ms, found 5 plugins.
Preloading 0 native plugins for Editor in 0.00 ms.
Unloading 1521 Unused Serialized files (Serialized files now loaded: 0)
System memory in use before: 68.7 MB.
System memory in use after: 68.8 MB.

Unloading 21 unused Assets to reduce memory usage. Loaded Objects now: 1970.
Total: 1.919300 ms (FindLiveObjects: 0.147300 ms CreateObjectMapping: 0.053600 ms MarkObjects: 1.669600 ms  DeleteObjects: 0.048200 ms)

AssetImportWorkerClient::OnTransportError - code=2 error=End of file
